
Replace empty strings('') and #VALUE! as NA for:
 WB.Spacing.Proxy
 SPBY.Spacing.Proxy
 Fluid.Type
 Propping.Agent.Type
 Additive
 Mesh.Size
Know of some outliers in - Fluid.Water..Gals. Acid..Gals. Gel.x.link..Gals. Proppant...Total..lbs. Fluid...Total..lbs. Fluid.Amount Propping.Agent.Amount Propping.Agent.Amount.Per.Foot Fluid.Amount.Per.Foot
 Fluid.Water..Gals. has outliers!
 Acid..Gals. has outliers!
 Gel.x.link..Gals. has outliers!
 Proppant...Total..lbs. has outliers!
 Fluid...Total..lbs. has outliers!
 Fluid.Amount has outliers!
 Propping.Agent.Amount has outliers!
 Fluid.Amount.Per.Foot has outliers!
 Propping.Agent.Amount.Per.Foot has outliers!
Removed outliers by adjusting to the 99.99 | 0.01 percentile value if more than 99.99 | 0.01 percentile.
Check for rows that have missing values > 80 % i.e. 30 columns missing
 0 such rows found!
Check for columns that have missing values > 80 % i.e. 425 rows missing
 2 such columns found!
Deleting columns Pressure.Breakdown Injection.Rate
Data now has 532 rows and 36 columns
Cleaning the Mesh.Size as:
1. Replaced '20/04', '20 /40', '20/20', '24/40', '20/80' by '20/40'
2. Replaced '20/40 & 16/3' by 'MIXED'
Dealing with some new categories in test data as:
1. Propping.Agent.Type replaced 'SANDCRRCSD' by 'SANDRCSD'
2. Type replaced 'REACID' by 'ACID'
3. Mesh.Size replaced '16/50' & '18/50' by '18/40'

Conversion of categorical values to numeric values:
For a categorical feature F, replace categorical value x with mean target value for the samples for which feature F has value x.

=> Subarea has 6 categories
replacing A by 50.9171
replacing B by NaN
replacing C by NaN
replacing D by NaN
replacing E by NaN
replacing F by NaN
=> Operator has 16 categories
replacing APACHE CORPORATION by 33.38957
replacing ATHLON ENERGY OPERATING LLC by 41.73568
replacing BERRY OIL COMPANY by 16.95016
replacing BREITBURN OPERATING LIMITED PARTNERSHIP by 159.2122
replacing CHEVRON U S A INCORPORATED by 50.62298
replacing COG OPERATING LIMITED LIABILITY CORP by 74.27505
replacing CROWNQUEST OPERATING LLC by 119.288
replacing DISCOVERY OPERATING INCORPORATED by 47.02093
replacing ENDEAVOR ENERGY RESOURCES LIMITED PRTS by 44.40945
replacing ENERGEN RESOURCES CORPORATION by 71.97994
replacing HENRY PETROLEUM LIMITED PARTNERSHIP by 29.684
replacing LEGACY RESERVES OPERATING LP by 105.9382
replacing MIDLAND ENERGY INCORPORATED by 44.52773
replacing PIONEER NATURAL RESOURCES USA INC by 49.30603
replacing SUMMIT PETROLEUM LIMITED LIABILITY CORP by 118.1616
replacing THOMPSON J CLEO by 60.824
=> County has 1 categories
replacing MIDLAND by 50.9171
=> WB.Spacing.Proxy has 5 categories
replacing 160 by 52.20194
replacing 20 by 86.52
replacing 40 by 50.33839
replacing 80 by 51.81107
replacing Over 160 by 50.16684
=> SPBY.Spacing.Proxy has 6 categories
replacing 160 by 57.52801
replacing 20 by 63.63353
replacing 40 by 45.1666
replacing 80 by 50.00789
replacing Over 160 by 56.20701
replacing Sub 20 by 58.6895
=> Type has 4 categories
replacing ACID by 64.83869
replacing FLSH by 52.0545
replacing FRAC by 50.85798
replacing REFRAC by 39.612
=> Fluid.Type has 11 categories
replacing A by 64.83869
replacing F by NaN
replacing FLUD by 55.57437
replacing FRAC by NaN
replacing G by NaN
replacing GEL by 50.85788
replacing O by NaN
replacing SLKW by NaN
replacing W by 49.75488
replacing WTR by 50.30867
replacing X-LINKGEL by 44.91727
=> Propping.Agent.Type has 4 categories
replacing CER by 28.19694
replacing SAND by 50.69741
replacing SANDRCSD by 75.348
replacing undefined by 64.83869
=> Additive has 20 categories
replacing ACET by NaN
replacing ACIN by NaN
replacing BIOC by NaN
replacing BRKR by NaN
replacing CACL by NaN
replacing CRIN by NaN
replacing FECL by 54.508
replacing FRDC by 64.176
replacing GELA by 51.86918
replacing GLST by NaN
replacing HCL by 46.08208
replacing KCL by NaN
replacing NECL by NaN
replacing NEFE by NaN
replacing PFCL by NaN
replacing SCIN by 41.886
replacing SFAC by 44.92684
replacing WGEL by 65.30319
replacing WPLY by NaN
replacing XLNK by 44.83318
=> Mesh.Size has 7 categories
replacing 16/30 by 102.9155
replacing 18/40 by NaN
replacing 20/40 by 40.04652
replacing 30/50 by 94.30448
replacing 30/70 by 77.77492
replacing 40/70 by 25.432
replacing MIXED by 59.14113

Nonparametric imputation of Missing Values using Random Forest
  missForest iteration 1 in progress...done!
  missForest iteration 2 in progress...done!
  missForest iteration 3 in progress...done!
  missForest iteration 4 in progress...done!
  missForest iteration 5 in progress...done!
  missForest iteration 6 in progress...done!


# of wells on which to train =  303
# of wells on which to predict =  229

Keep aside  20 % unseen wells from the training model =  60  wells 


Check for near zero variance columns:
Removing near zero variant columns - Subarea County Other..Gals. Type Propping.Agent.Type

Check for pair-wise collinear columns:
 Completion.Date and Completion.Year are collinear having 0.9951579 ==> dropping Completion.Year
 Between_Zone and Geology.Score are collinear having 0.9643766 ==> dropping Geology.Score
 Frac.Stages and Treatment.Records are collinear having 0.9349871 ==> dropping Treatment.Records
 Deepest_Zone and Between_Zone are collinear having 0.9505284 ==> dropping Between_Zone
 Number and Frac.Stages are collinear having 0.9317904 ==> dropping Frac.Stages

Check and remove for multicollinear columns:
 Gel.x.link..Gals. Fluid.Amount Propping.Agent.Amount  are multicollinear!

The ranked order of importance of features:
Operator
Fluid...Total..lbs.
Completion.Date
Mesh.Size
Proppant...Total..lbs.
Number
Treated.Stage.Height
Total.Height
Depth.Base

Do random 80%-20% splits, build model on training set and predict on test set 100 times
* * 18.94632 * 0.5384751 * 0.7106213 * 1
* * 24.99116 * 0.3910047 * 0.5626673 * 2
* * 17.93159 * 0.3916148 * 0.7312732 * 3
* * 17.65671 * 0.3410226 * 0.7741736 * 4
* * 24.5098 * 0.406233 * 0.6492612 * 5
* * 18.91203 * 0.4084294 * 0.7472364 * 6
* * 19.73561 * 0.3588474 * 0.6641511 * 7
* * 20.78895 * 0.4013907 * 0.7474246 * 8
* * 16.37039 * 0.3534797 * 0.6002995 * 9
* * 22.32049 * 0.5592972 * 0.6131646 * 10
* * 23.03814 * 0.3663879 * 0.7946927 * 11
* * 14.49445 * 0.2962 * 0.7873758 * 12
* * 27.77003 * 0.4218491 * 0.6057539 * 13
* * 16.70074 * 0.5628393 * 0.5635239 * 14
* * 19.35104 * 0.319695 * 0.7869372 * 15
* * 16.00039 * 0.4037655 * 0.6867663 * 16
* * 19.90695 * 0.5554112 * 0.5256306 * 17
* * 19.6861 * 0.4186178 * 0.6017102 * 18
* * 19.89735 * 0.4052163 * 0.7209612 * 19
* * 29.42316 * 0.4264698 * 0.6102216 * 20
* * 18.85514 * 0.4893102 * 0.7433841 * 21
* * 24.53973 * 0.4055117 * 0.5209493 * 22
* * 15.41623 * 0.3283501 * 0.8184851 * 23
* * 19.91565 * 0.4214215 * 0.627917 * 24
* * 15.69315 * 0.4952088 * 0.7698335 * 25
* * 15.52433 * 0.3468308 * 0.7018149 * 26
* * 14.83903 * 0.3559181 * 0.5297452 * 27
* * 20.49215 * 0.4025323 * 0.756938 * 28
* * 28.63046 * 0.3679436 * 0.6570374 * 29
* * 17.41924 * 0.4048246 * 0.6929435 * 30
* * 26.59111 * 0.3880839 * 0.5970142 * 31
* * 19.66702 * 0.4209759 * 0.6754486 * 32
* * 20.03636 * 0.3694385 * 0.6061005 * 33
* * 21.15806 * 0.4743818 * 0.6700734 * 34
* * 20.13202 * 0.3753078 * 0.5533632 * 35
* * 14.25658 * 0.5194686 * 0.7226508 * 36
* * 20.92413 * 0.3698282 * 0.6783296 * 37
* * 22.52581 * 0.4211221 * 0.3685283 * 38
* * 17.2447 * 0.395599 * 0.5731318 * 39
* * 15.77923 * 0.3191374 * 0.7964707 * 40
* * 25.85831 * 0.4094696 * 0.6120878 * 41
* * 18.46407 * 0.3769108 * 0.4954944 * 42
* * 25.68223 * 0.4458939 * 0.5138039 * 43
* * 16.87506 * 0.3859459 * 0.7570604 * 44
* * 16.88673 * 0.3298207 * 0.7476389 * 45
* * 20.80833 * 0.3486588 * 0.6920706 * 46
* * 20.36044 * 0.3498961 * 0.7053441 * 47
* * 17.17582 * 0.3230276 * 0.6486167 * 48
* * 20.63843 * 0.5180212 * 0.6975906 * 49
* * 20.26886 * 0.3996524 * 0.7603447 * 50
* * 27.5287 * 0.4108949 * 0.5093322 * 51
* * 19.0495 * 0.3200808 * 0.7572562 * 52
* * 19.73804 * 0.5228051 * 0.8195231 * 53
* * 22.00025 * 0.3939641 * 0.7716047 * 54
* * 16.40563 * 0.5192898 * 0.7026187 * 55
* * 18.95981 * 0.3555741 * 0.6700887 * 56
* * 19.46395 * 0.3773149 * 0.6748291 * 57
* * 27.11846 * 0.4409496 * 0.5713802 * 58
* * 19.59446 * 0.3739419 * 0.6965773 * 59
* * 25.36361 * 0.4057193 * 0.6712598 * 60
* * 18.32915 * 0.3437178 * 0.6131513 * 61
* * 26.04185 * 0.5050586 * 0.6664636 * 62
* * 18.7938 * 0.5709495 * 0.5817594 * 63
* * 24.18279 * 0.3819514 * 0.7177063 * 64
* * 18.99347 * 0.4274132 * 0.6474313 * 65
* * 23.90498 * 0.3993342 * 0.4719287 * 66
* * 20.356 * 0.3693769 * 0.7385354 * 67
* * 19.17745 * 0.3595859 * 0.7208632 * 68
* * 18.94494 * 0.3738816 * 0.7622534 * 69
* * 20.39202 * 0.5344625 * 0.6313654 * 70
* * 19.91393 * 0.3622786 * 0.56922 * 71
* * 25.79513 * 0.3411832 * 0.7696476 * 72
* * 17.41568 * 0.334489 * 0.6718654 * 73
* * 25.82653 * 0.539877 * 0.6381439 * 74
* * 16.95103 * 0.3105195 * 0.8387082 * 75
* * 26.14477 * 0.4281574 * 0.605778 * 76
* * 22.01003 * 0.5355342 * 0.7360368 * 77
* * 20.90497 * 0.5630637 * 0.7394242 * 78
* * 21.63516 * 0.3600096 * 0.584733 * 79
* * 16.10656 * 0.3116321 * 0.7316912 * 80
* * 27.23811 * 0.4250528 * 0.7030506 * 81
* * 20.11868 * 0.5744083 * 0.7920056 * 82
* * 20.55042 * 0.4472442 * 0.5153865 * 83
* * 12.43764 * 0.3449708 * 0.6595673 * 84
* * 17.90372 * 0.3253263 * 0.7079063 * 85
* * 18.73605 * 0.3422588 * 0.8207273 * 86
* * 16.45129 * 0.3212523 * 0.5821394 * 87
* * 15.40528 * 0.5126738 * 0.7414512 * 88
* * 16.8843 * 0.5786499 * 0.7441404 * 89
* * 22.991 * 0.4062174 * 0.4818045 * 90
* * 27.62797 * 0.4324456 * 0.6930327 * 91
* * 17.75931 * 0.3623664 * 0.7118985 * 92
* * 22.13815 * 0.5700497 * 0.6348871 * 93
* * 19.43091 * 0.4107415 * 0.3990257 * 94
* * 17.98048 * 0.5110625 * 0.5820272 * 95
* * 22.54675 * 0.3994729 * 0.6394979 * 96
* * 20.18004 * 0.3577665 * 0.7281997 * 97
* * 18.97191 * 0.3329897 * 0.7587944 * 98
* * 20.47442 * 0.3611718 * 0.7383839 * 99
* * 23.99585 * 0.3929795 * 0.6173091 * 100

Min rmse | 12.43764 | Avg rmse | 20.37955 | Max rmse | 29.42316
Min rmsle | 0.2962 | Avg rmsle | 0.4116685 | Max rmsle | 0.5786499
Min cor | 0.3685283 | Avg cor | 0.6670647 | Max cor | 0.8387082
RMSE | 22.50856 | RMSLE | 0.3771413 | COR | 0.628948