
Replace empty strings('') and #VALUE! as NA for:
 WB.Spacing.Proxy
 SPBY.Spacing.Proxy
 Fluid.Type
 Propping.Agent.Type
 Additive
 Mesh.Size
Know of some outliers in - Fluid.Water..Gals. Acid..Gals. Gel.x.link..Gals. Proppant...Total..lbs. Fluid...Total..lbs. Fluid.Amount Propping.Agent.Amount Propping.Agent.Amount.Per.Foot Fluid.Amount.Per.Foot
 Fluid.Water..Gals. has outliers!
 Acid..Gals. has outliers!
 Gel.x.link..Gals. has outliers!
 Proppant...Total..lbs. has outliers!
 Fluid...Total..lbs. has outliers!
 Fluid.Amount has outliers!
 Propping.Agent.Amount has outliers!
 Fluid.Amount.Per.Foot has outliers!
 Propping.Agent.Amount.Per.Foot has outliers!
Removed outliers by adjusting to the 99.99 | 0.01 percentile value if more than 99.99 | 0.01 percentile.
Check for rows that have missing values > 80 % i.e. 30 columns missing
 0 such rows found!
Check for columns that have missing values > 80 % i.e. 262 rows missing
 1 such columns found!
Deleting columns Pressure.Breakdown
Data now has 328 rows and 37 columns
Cleaning the Mesh.Size as:
1. Replaced '20/04', '20 /40', '20/20', '24/40', '20/80' by '20/40'
2. Replaced '20/40 & 16/3' by 'MIXED'
Dealing with some new categories in test data as:
1. Propping.Agent.Type replaced 'SANDCRRCSD' by 'SANDRCSD'
2. Type replaced 'REACID' by 'ACID'
3. Mesh.Size replaced '16/50' & '18/50' by '18/40'

Conversion of categorical values to numeric values:
For a categorical feature F, replace categorical value x with mean target value for the samples for which feature F has value x.

=> Subarea has 6 categories
replacing A by NaN
replacing B by NaN
replacing C by 50.91044
replacing D by NaN
replacing E by NaN
replacing F by NaN
=> Operator has 9 categories
replacing 3-M ENERGY CORPORATION by NaN
replacing APACHE CORPORATION by 21.45324
replacing ATHLON ENERGY OPERATING LLC by 9.608
replacing ENDEAVOR ENERGY RESOURCES LIMITED PRTS by 52.19929
replacing JM COX RESOURCES LIMITED PARTNERSHIP by 28.016
replacing LEGACY RESERVES OPERATING LP by 66.556
replacing PARSLEY ENERGY OPERATIONS LLC by 91.072
replacing PIONEER NATURAL RESOURCES USA INC by 53.6507
replacing PROBITY OPERATING LLC by 63.75034
=> County has 3 categories
replacing GLASSCOCK by 21.59197
replacing MIDLAND by 53.6622
replacing UPTON by 30.41109
=> WB.Spacing.Proxy has 5 categories
replacing 160 by 43.62983
replacing 20 by 48.40051
replacing 40 by 56.43806
replacing 80 by 42.71524
replacing Over 160 by 40.92522
=> SPBY.Spacing.Proxy has 6 categories
replacing 160 by 51.76497
replacing 20 by 63.53704
replacing 40 by 42.55361
replacing 80 by 49.56774
replacing Over 160 by 46.17451
replacing Sub 20 by 57.86446
=> Type has 4 categories
replacing ACID by 54.28892
replacing FLSH by 58.376
replacing FRAC by 50.83865
replacing TRET by 23.084
=> Fluid.Type has 11 categories
replacing A by 53.43105
replacing F by 52.728
replacing FLUD by 57.35402
replacing FRAC by NaN
replacing G by NaN
replacing GEL by 53.95993
replacing O by 23.084
replacing SLKW by NaN
replacing W by 41.20382
replacing WTR by NaN
replacing X-LINKGEL by 50.53386
=> Propping.Agent.Type has 3 categories
replacing CER by 63.75034
replacing SAND by 50.79525
replacing undefined by 54.66047
=> Additive has 20 categories
replacing ACET by NaN
replacing ACIN by NaN
replacing BIOC by 48.1
replacing BRKR by 18.89
replacing CACL by NaN
replacing CRIN by 73.664
replacing FECL by 104.3315
replacing FRDC by NaN
replacing GELA by 75.0982
replacing GLST by NaN
replacing HCL by 52.64993
replacing KCL by NaN
replacing NECL by NaN
replacing NEFE by NaN
replacing PFCL by 23.084
replacing SCIN by 39.47824
replacing SFAC by 71.09123
replacing WGEL by NaN
replacing WPLY by NaN
replacing XLNK by 58.83625
=> Mesh.Size has 3 categories
replacing 16/30 by 68.10517
replacing 20/40 by 39.80383
replacing 30/50 by 79.72753

Nonparametric imputation of Missing Values using Random Forest
  missForest iteration 1 in progress...done!
  missForest iteration 2 in progress...done!
  missForest iteration 3 in progress...done!
  missForest iteration 4 in progress...done!
  missForest iteration 5 in progress...done!
  missForest iteration 6 in progress...done!


# of wells on which to train =  199
# of wells on which to predict =  129

Keep aside  20 % unseen wells from the training model =  39  wells 


Check for near zero variance columns:
Removing near zero variant columns - Fluid.Water..Gals. Subarea County Other..Gals.

Check for pair-wise collinear columns:
 Completion.Date and Completion.Year are collinear having 0.9963715 ==> dropping Completion.Year
 Between_Zone and Geology.Score are collinear having 0.9605604 ==> dropping Geology.Score
 Frac.Stages and Treatment.Records are collinear having 0.9794702 ==> dropping Treatment.Records
 Deepest_Zone and Between_Zone are collinear having 0.9555087 ==> dropping Between_Zone
 Number and Frac.Stages are collinear having 0.9754282 ==> dropping Frac.Stages

Check and remove for multicollinear columns:
 Fluid...Total..lbs. Depth.Base  are multicollinear!

The ranked order of importance of features:
Completion.Date
Injection.Rate
Gel.x.link..Gals.
Fluid.Amount
Surface.Latitude
Proppant...Total..lbs.
Depth.Total.Driller..ft.
Deepest_Zone
Mesh.Size
Total.Height
Additive
Surface.Longitude
Operator

Do random 80%-20% splits, build model on training set and predict on test set 100 times
* * 36.35522 * 0.6151161 * 0.4471175 * 1
* * 18.97376 * 0.4250506 * 0.7927505 * 2
* * 18.881 * 0.3419847 * 0.7752379 * 3
* * 18.9621 * 0.4566969 * 0.7371819 * 4
* * 23.49203 * 0.4685991 * 0.5636259 * 5
* * 23.68176 * 0.470036 * 0.4204023 * 6
* * 14.70422 * 0.3518717 * 0.7273585 * 7
* * 24.18045 * NaN * 0.6663518 * 8
* * 24.50542 * 0.610356 * 0.5770578 * 9
* * 21.29956 * 0.3731482 * 0.8279307 * 10
* * 20.86947 * 0.5191878 * 0.6191909 * 11
* * 27.12149 * 0.4677754 * 0.8100211 * 12
* * 32.92223 * 0.4647478 * 0.7090214 * 13
* * 17.3551 * 0.4033369 * 0.7506798 * 14
* * 23.76209 * 0.4927099 * 0.5314849 * 15
* * 29.45077 * 0.4999073 * 0.5151951 * 16
* * 16.68217 * 0.4057933 * 0.8358183 * 17
* * 24.32646 * 0.4713914 * 0.4985582 * 18
* * 20.77093 * 0.4727177 * 0.360436 * 19
* * 23.87958 * 0.5203271 * 0.499035 * 20
* * 28.11194 * 0.4733949 * 0.4610961 * 21
* * 26.56217 * 0.484527 * 0.6068151 * 22
* * 25.6095 * 0.4901523 * 0.6021622 * 23
* * 25.18604 * 0.6162759 * 0.4848875 * 24
* * 26.19325 * 0.5752748 * 0.4741841 * 25
* * 28.13702 * 0.4129785 * 0.6008947 * 26
* * 27.56098 * 0.5906682 * 0.4938415 * 27
* * 17.59492 * 0.3984478 * 0.648591 * 28
* * 28.94866 * 0.4796427 * 0.788251 * 29
* * 17.74753 * 0.337683 * 0.7956875 * 30
* * 20.31502 * 0.4352809 * 0.6225793 * 31
* * 18.85646 * 0.3927529 * 0.7332942 * 32
* * 25.72684 * 0.4007905 * 0.7948823 * 33
* * 31.06769 * 0.4515632 * 0.6103781 * 34
* * 24.68239 * 0.5228027 * 0.6754627 * 35
* * 29.4476 * 0.4293732 * 0.6711801 * 36
* * 26.23693 * 0.3923043 * 0.6694673 * 37
* * 31.94671 * 0.428079 * 0.5674177 * 38
* * 19.84129 * 0.418663 * 0.8136174 * 39
* * 26.2809 * 0.4143771 * 0.7388381 * 40
* * 30.48695 * 0.4329198 * 0.6043512 * 41
* * 29.51457 * 0.480306 * 0.7037992 * 42
* * 29.13953 * 0.3967542 * 0.6577666 * 43
* * 19.04994 * 0.4273473 * 0.6460283 * 44
* * 31.26814 * 0.5979114 * 0.4184699 * 45
* * 32.16986 * 0.4536236 * 0.6037534 * 46
* * 21.95803 * 0.4432703 * 0.6792371 * 47
* * 24.61355 * 0.4531693 * 0.5710685 * 48
* * 24.33263 * 0.4907391 * 0.6633993 * 49
* * 21.52345 * 0.4588637 * 0.7057953 * 50
* * 23.37852 * 0.4006509 * 0.5861832 * 51
* * 19.72119 * 0.3585836 * 0.7329892 * 52
* * 15.2559 * 0.3595079 * 0.7183308 * 53
* * 18.65927 * 0.3669122 * 0.6044152 * 54
* * 33.31372 * 0.4663116 * 0.5652254 * 55
* * 19.30167 * 0.4870444 * 0.7378544 * 56
* * 20.98536 * 0.3796486 * 0.6116438 * 57
* * 30.39133 * 0.487244 * 0.5666359 * 58
* * 25.32086 * 0.5243925 * 0.5794395 * 59
* * 29.43871 * 0.5069617 * 0.6683705 * 60
* * 23.93866 * 0.5067367 * 0.5612236 * 61
* * 28.59641 * 0.3975487 * 0.6609362 * 62
* * 19.82515 * 0.4801451 * 0.4499827 * 63
* * 21.53429 * 0.40032 * 0.6722631 * 64
* * 25.88462 * 0.4568603 * 0.5263675 * 65
* * 24.88559 * 0.4690132 * 0.6385461 * 66
* * 19.64186 * 0.3911598 * 0.6623568 * 67
* * 20.52099 * 0.3941168 * 0.7313833 * 68
* * 31.42312 * 0.4700034 * 0.6527677 * 69
* * 19.39506 * 0.4230078 * 0.6505981 * 70
* * 26.44478 * 0.5341385 * 0.5739572 * 71
* * 34.07852 * 0.4650364 * 0.5726158 * 72
* * 22.37398 * 0.5351948 * 0.5791278 * 73
* * 32.24243 * 0.4934161 * 0.6786582 * 74
* * 21.1292 * 0.4905392 * 0.6595963 * 75
* * 18.97837 * 0.379988 * 0.5906787 * 76
* * 20.91611 * 0.4374677 * 0.4631174 * 77
* * 31.22011 * 0.5435968 * 0.4291729 * 78
* * 15.76571 * 0.3997297 * 0.7553366 * 79
* * 25.23222 * 0.471999 * 0.576995 * 80
* * 16.06247 * 0.3433564 * 0.6842975 * 81
* * 22.45509 * 0.4121569 * 0.7226509 * 82
* * 19.90832 * 0.410653 * 0.7245974 * 83
* * 27.98414 * 0.3931671 * 0.5973707 * 84
* * 20.42301 * 0.4998632 * 0.5774252 * 85
* * 23.71692 * 0.3678082 * 0.7220313 * 86
* * 25.35125 * 0.5823373 * 0.6001922 * 87
* * 22.62081 * 0.4807 * 0.5998242 * 88
* * 25.65293 * 0.3858773 * 0.7919669 * 89
* * 29.24245 * 0.4204735 * 0.620729 * 90
* * 21.46335 * 0.4708058 * 0.6277623 * 91
* * 19.16098 * 0.4636045 * 0.6389235 * 92
* * 17.52437 * 0.392178 * 0.6645197 * 93
* * 23.73724 * 0.4536303 * 0.4547841 * 94
* * 30.24268 * 0.5131133 * 0.5379031 * 95
* * 31.15696 * 0.4410755 * 0.6324291 * 96
* * 20.90694 * 0.4171626 * 0.6710741 * 97
* * 23.38235 * 0.3819925 * 0.682693 * 98
* * 21.64348 * 0.4052173 * 0.7226617 * 99
* * 24.34582 * 0.4387993 * 0.6535206 * 100

Min rmse | 14.70422 | Avg rmse | 24.19062 | Max rmse | 36.35522
Min rmsle | 0.337683 | Avg rmsle | 0.4521408 | Max rmsle | 0.6162759
Min cor | 0.360436 | Avg cor | 0.6315578 | Max cor | 0.8358183
RMSE | 26.45999 | RMSLE | 0.4315163 | COR | 0.6429482