
Replace empty strings('') and #VALUE! as NA for:
 WB.Spacing.Proxy
 SPBY.Spacing.Proxy
 Additive
 Mesh.Size
Know of some outliers in - Fluid.Water..Gals. Acid..Gals. Gel.x.link..Gals. Proppant...Total..lbs. Fluid...Total..lbs. Fluid.Amount Propping.Agent.Amount Propping.Agent.Amount.Per.Foot Fluid.Amount.Per.Foot
 Fluid.Water..Gals. has outliers!
 Acid..Gals. has outliers!
 Gel.x.link..Gals. has outliers!
 Proppant...Total..lbs. has outliers!
 Fluid...Total..lbs. has outliers!
 Fluid.Amount has outliers!
 Propping.Agent.Amount has outliers!
 Fluid.Amount.Per.Foot has outliers!
 Propping.Agent.Amount.Per.Foot has outliers!
Removed outliers by adjusting to the 99.99 | 0.01 percentile value if more than 99.99 | 0.01 percentile.
Check for rows that have missing values > 80 % i.e. 30 columns missing
 0 such rows found!
Check for columns that have missing values > 80 % i.e. 381 rows missing
 2 such columns found!
Deleting columns Pressure.Breakdown Injection.Rate
Data now has 477 rows and 36 columns
Cleaning the Mesh.Size as:
1. Replaced '20/04', '20 /40', '20/20', '24/40', '20/80' by '20/40'
2. Replaced '20/40 & 16/3' by 'MIXED'
Dealing with some new categories in test data as:
1. Propping.Agent.Type replaced 'SANDCRRCSD' by 'SANDRCSD'
2. Type replaced 'REACID' by 'ACID'
3. Mesh.Size replaced '16/50' & '18/50' by '18/40'

Conversion of categorical values to numeric values:
For a categorical feature F, replace categorical value x with mean target value for the samples for which feature F has value x.

=> Subarea has 6 categories
replacing A by NaN
replacing B by NaN
replacing C by NaN
replacing D by NaN
replacing E by 31.43273
replacing F by NaN
=> Operator has 5 categories
replacing 3-M ENERGY CORPORATION by 23.19
replacing APACHE CORPORATION by 28.44931
replacing LEGACY RESERVES OPERATING LP by 42.63775
replacing PIONEER NATURAL RESOURCES USA INC by 36.31387
replacing ROBERTS & HAMMACK INCORPORATED by 31.20848
=> County has 3 categories
replacing GLASSCOCK by 41.43723
replacing MIDLAND by 41.74644
replacing REAGAN by 31.08227
=> WB.Spacing.Proxy has 5 categories
replacing 160 by 38.25682
replacing 20 by 27.16416
replacing 40 by 31.35617
replacing 80 by 30.38129
replacing Over 160 by 35.81197
=> SPBY.Spacing.Proxy has 4 categories
replacing 20 by 28.76365
replacing 40 by 32.51058
replacing 80 by 27.17946
replacing Sub 20 by 36.02788
=> Type has 2 categories
replacing ACID by 31.96496
replacing FRAC by 31.40854
=> Fluid.Type has 12 categories
replacing A by 31.96496
replacing F by NaN
replacing FLUD by 22.98771
replacing FRAC by NaN
replacing G by 34.904
replacing GEL by 31.21047
replacing O by NaN
replacing SLKW by 29.91722
replacing W by 28.04853
replacing WTR by NaN
replacing X-LINKGEL by 36.58486
=> Propping.Agent.Type has 3 categories
replacing SAND by 31.47656
replacing SANDRCSD by 21.75
replacing undefined by 31.96496
=> Additive has 20 categories
replacing ACET by NaN
replacing ACIN by NaN
replacing BIOC by NaN
replacing BRKR by NaN
replacing CACL by NaN
replacing CRIN by NaN
replacing FECL by NaN
replacing FRDC by 25.124
replacing GELA by 27.55885
replacing GLST by NaN
replacing HCL by 33.52195
replacing KCL by NaN
replacing NECL by NaN
replacing NEFE by NaN
replacing PFCL by NaN
replacing SCIN by 24.156
replacing SFAC by 28.11774
replacing WGEL by NaN
replacing WPLY by 35.258
replacing XLNK by 35.20454
=> Mesh.Size has 2 categories
replacing 20/40 by 31.51044
replacing 30/50 by 16.872

Nonparametric imputation of Missing Values using Random Forest
  missForest iteration 1 in progress...done!
  missForest iteration 2 in progress...done!
  missForest iteration 3 in progress...done!


# of wells on which to train =  299
# of wells on which to predict =  178

Keep aside  20 % unseen wells from the training model =  59  wells 


Check for near zero variance columns:
Removing near zero variant columns - Subarea County Other..Gals. Type Propping.Agent.Type Mesh.Size

Check for pair-wise collinear columns:
 Fluid.Amount.Per.Foot and Propping.Agent.Amount.Per.Foot are collinear having 0.9472322 ==> dropping Propping.Agent.Amount.Per.Foot
 Completion.Date and Completion.Year are collinear having 0.9919476 ==> dropping Completion.Year
 Between_Zone and Total.Height are collinear having 0.9607583 ==> dropping Total.Height
 Frac.Stages and Number are collinear having 0.956967 ==> dropping Number
 Treatment.Records and Frac.Stages are collinear having 0.9534115 ==> dropping Frac.Stages
 Deepest_Zone and Geology.Score are collinear having 0.9199909 ==> dropping Geology.Score

Check and remove for multicollinear columns:
 Gel.x.link..Gals. Fluid...Total..lbs. Depth.Total.Driller..ft. Treatment.Records  are multicollinear!

The ranked order of importance of features:
Surface.Longitude
Completion.Date
Depth.Base
Surface.Latitude
WB.Spacing.Proxy
Proppant...Total..lbs.
Fluid.Amount
Fluid.Amount.Per.Foot
Additive
Treated.Stage.Height
Acid..Gals.
Fluid.Water..Gals.
Operator
SPBY.Spacing.Proxy
Propping.Agent.Amount
Between_Zone
Fluid.Type
Deepest_Zone

Do random 80%-20% splits, build model on training set and predict on test set 100 times
* * 12.01104 * 0.3800171 * 0.446418 * 1
* * 12.89868 * 0.4314644 * 0.2768697 * 2
* * 14.35732 * 0.4282227 * 0.111453 * 3
* * 10.43776 * 0.3511688 * 0.2250588 * 4
* * 12.92805 * 0.455433 * 0.03675179 * 5
* * 13.56784 * 0.3969647 * 0.3510477 * 6
* * 12.75698 * 0.4181467 * 0.2462465 * 7
* * 12.13424 * 0.3996263 * 0.2872582 * 8
* * 15.18229 * 0.3893148 * 0.08540599 * 9
* * 10.89127 * 0.340119 * 0.3033405 * 10
* * 9.838034 * 0.3247138 * 0.4318877 * 11
* * 12.03385 * 0.3840221 * 0.4473368 * 12
* * 10.17278 * 0.3300341 * 0.4519757 * 13
* * 10.64138 * 0.3655663 * 0.3251515 * 14
* * 14.52459 * NaN * 0.1194286 * 15
* * 10.52753 * 0.3704092 * 0.2078485 * 16
* * 12.11823 * 0.3992223 * 0.4721623 * 17
* * 16.61559 * NaN * 0.1458719 * 18
* * 8.790668 * 0.3055312 * 0.4547721 * 19
* * 13.88715 * 0.3910634 * 0.1637138 * 20
* * 12.11161 * 0.4189706 * 0.3715564 * 21
* * 12.69435 * 0.4090089 * 0.3202749 * 22
* * 12.14994 * 0.3805266 * 0.0520231 * 23
* * 12.58781 * 0.393246 * 0.3304181 * 24
* * 13.83812 * 0.4393368 * 0.1857665 * 25
* * 10.0656 * 0.3506972 * 0.2602456 * 26
* * 13.57023 * 0.347625 * 0.2199196 * 27
* * 12.61576 * 0.4139642 * 0.3288886 * 28
* * 11.46591 * 0.3398575 * 0.3367288 * 29
* * 11.38793 * 0.4018194 * 0.4331677 * 30
* * 14.03594 * 0.4686262 * 0.209043 * 31
* * 12.59839 * 0.3751161 * 0.298296 * 32
* * 11.7098 * 0.3312052 * 0.4013636 * 33
* * 11.2526 * 0.4486604 * 0.2849992 * 34
* * 11.77817 * 0.3623639 * 0.3885565 * 35
* * 13.41389 * 0.435898 * 0.4230387 * 36
* * 10.43222 * 0.3086009 * 0.5421173 * 37
* * 9.151914 * 0.2940698 * 0.4950948 * 38
* * 9.706343 * 0.3074146 * 0.5254429 * 39
* * 11.7001 * 0.3879952 * 0.2786208 * 40
* * 10.65363 * 0.3133918 * 0.3916207 * 41
* * 19.20993 * 0.4891493 * 0.04013433 * 42
* * 10.58027 * 0.3071285 * 0.3889225 * 43
* * 11.08151 * 0.3270903 * 0.4095399 * 44
* * 10.24004 * 0.3094175 * 0.563468 * 45
* * 12.4278 * 0.3943027 * 0.4456215 * 46
* * 12.33593 * 0.4007544 * 0.2841963 * 47
* * 11.9149 * 0.3565774 * 0.3213845 * 48
* * 11.25023 * 0.3329157 * 0.3477427 * 49
* * 9.913148 * 0.3863218 * 0.3319203 * 50
* * 11.40634 * 0.3272969 * 0.4186064 * 51
* * 17.35141 * 0.5063407 * -0.01915812 * 52
* * 13.79512 * 0.4235535 * 0.3342877 * 53
* * 12.83945 * 0.4046162 * 0.2634152 * 54
* * 12.39701 * 0.4027722 * 0.2902379 * 55
* * 14.00435 * 0.4078892 * 0.3052444 * 56
* * 8.969742 * 0.2949792 * 0.6222256 * 57
* * 9.606792 * 0.339014 * 0.5583328 * 58
* * 10.44264 * NaN * 0.1968767 * 59
* * 10.25529 * 0.3970063 * 0.4321856 * 60
* * 13.98224 * 0.4036066 * 0.2466738 * 61
* * 11.5318 * 0.3606814 * 0.4345513 * 62
* * 12.04753 * 0.4223455 * 0.3637963 * 63
* * 9.807338 * 0.3316082 * 0.5315892 * 64
* * 11.89245 * 0.417999 * 0.2547807 * 65
* * 18.51064 * 0.4478885 * 0.07528209 * 66
* * 11.84488 * 0.3482521 * 0.367757 * 67
* * 15.45239 * 0.4177496 * 0.1488982 * 68
* * 10.9447 * 0.3952893 * 0.528278 * 69
* * 14.77134 * NaN * 0.2320639 * 70
* * 23.09583 * 0.492052 * 0.06338374 * 71
* * 12.11011 * 0.3404537 * 0.3964732 * 72
* * 10.89197 * 0.3392385 * 0.3476805 * 73
* * 12.41298 * 0.3861256 * 0.3789677 * 74
* * 10.97833 * 0.3571208 * 0.2936969 * 75
* * 25.27944 * NaN * 0.01268724 * 76
* * 10.74386 * 0.3431484 * 0.4135441 * 77
* * 11.91326 * 0.3625868 * 0.3552566 * 78
* * 9.640871 * 0.3371024 * 0.4745665 * 79
* * 11.03255 * 0.3895159 * 0.4063915 * 80
* * 10.21547 * 0.3196026 * 0.4570022 * 81
* * 11.40697 * 0.4358955 * 0.3894233 * 82
* * 11.54158 * 0.3628042 * 0.3228869 * 83
* * 10.68134 * 0.3411626 * 0.2951676 * 84
* * 29.93462 * 0.4855529 * -0.07125194 * 85
* * 13.53831 * 0.4599416 * 0.2072833 * 86
* * 11.47549 * 0.3100344 * 0.3757901 * 87
* * 12.10698 * 0.3632431 * 0.3275606 * 88
* * 13.48775 * 0.4217605 * 0.2119821 * 89
* * 13.09786 * 0.3928937 * 0.286406 * 90
* * 12.46678 * 0.3915902 * 0.284758 * 91
* * 10.52572 * 0.3547577 * 0.3207739 * 92
* * 12.36603 * 0.4232916 * 0.3725192 * 93
* * 8.640978 * 0.3069667 * 0.5370816 * 94
* * 11.90687 * 0.3765819 * 0.1487188 * 95
* * 10.9597 * 0.373227 * 0.3777409 * 96
* * 9.743466 * 0.2872682 * 0.5283939 * 97
* * 11.07337 * 0.3430926 * 0.4662111 * 98
* * 10.23121 * 0.3353351 * 0.2843594 * 99
* * 13.18882 * 0.3751225 * 0.3325826 * 100

Min rmse | 8.640978 | Avg rmse | 12.42731 | Max rmse | 29.93462
Min rmsle | 0.2872682 | Avg rmsle | 0.3784152 | Max rmsle | 0.5063407
Min cor | -0.07125194 | Avg cor | 0.3198407 | Max cor | 0.6222256
RMSE | 10.98956 | RMSLE | 0.3484236 | COR | 0.3767839