
Replace empty strings('') and #VALUE! as NA for:
 WB.Spacing.Proxy
 SPBY.Spacing.Proxy
 Fluid.Type
 Propping.Agent.Type
 Additive
 Mesh.Size
Know of some outliers in - Fluid.Water..Gals. Acid..Gals. Gel.x.link..Gals. Proppant...Total..lbs. Fluid...Total..lbs. Fluid.Amount Propping.Agent.Amount Propping.Agent.Amount.Per.Foot Fluid.Amount.Per.Foot
 Fluid.Water..Gals. has outliers!
 Acid..Gals. has outliers!
 Gel.x.link..Gals. has outliers!
 Proppant...Total..lbs. has outliers!
 Fluid...Total..lbs. has outliers!
 Fluid.Amount has outliers!
 Propping.Agent.Amount has outliers!
 Fluid.Amount.Per.Foot has outliers!
 Propping.Agent.Amount.Per.Foot has outliers!
Removed outliers by adjusting to the 99.99 | 0.01 percentile value if more than 99.99 | 0.01 percentile.
Check for rows that have missing values > 80 % i.e. 30 columns missing
 0 such rows found!
Check for columns that have missing values > 80 % i.e. 840 rows missing
 2 such columns found!
Deleting columns Pressure.Breakdown Injection.Rate
Data now has 1050 rows and 36 columns
Cleaning the Mesh.Size as:
1. Replaced '20/04', '20 /40', '20/20', '24/40', '20/80' by '20/40'
2. Replaced '20/40 & 16/3' by 'MIXED'
Dealing with some new categories in test data as:
1. Propping.Agent.Type replaced 'SANDCRRCSD' by 'SANDRCSD'
2. Type replaced 'REACID' by 'ACID'
3. Mesh.Size replaced '16/50' & '18/50' by '18/40'

Conversion of categorical values to numeric values:
For a categorical feature F, replace categorical value x with mean target value for the samples for which feature F has value x.

=> Subarea has 6 categories
replacing A by 50.9171
replacing B by 42.41361
replacing C by 53.6622
replacing D by 49.91767
replacing E by 41.74644
replacing F by NaN
=> Operator has 24 categories
replacing 3-M ENERGY CORPORATION by NaN
replacing APACHE CORPORATION by 31.78928
replacing ATHLON ENERGY OPERATING LLC by 26.6393
replacing BERRY OIL COMPANY by 15.63326
replacing BLUESTEM ENERGY HOLDINGS LLC by 33.272
replacing BREITBURN OPERATING LIMITED PARTNERSHIP by 159.2122
replacing CHEVRON U S A INCORPORATED by 50.62298
replacing COG OPERATING LIMITED LIABILITY CORP by 73.2591
replacing CROWNQUEST OPERATING LLC by 119.288
replacing DISCOVERY OPERATING INCORPORATED by 47.02093
replacing ENDEAVOR ENERGY RESOURCES LIMITED PRTS by 46.29639
replacing ENERGEN RESOURCES CORPORATION by 71.97994
replacing HENRY PETROLEUM LIMITED PARTNERSHIP by 29.684
replacing JM COX RESOURCES LIMITED PARTNERSHIP by 28.016
replacing LEGACY RESERVES OPERATING LP by 99.37453
replacing MERIT ENERGY COMPANY by 36.408
replacing MIDENERGY OPERATING LLC by 25.94533
replacing MIDLAND ENERGY INCORPORATED by 44.52773
replacing PARSLEY ENERGY OPERATIONS LLC by 139.205
replacing PIONEER NATURAL RESOURCES USA INC by 53.24997
replacing PROBITY OPERATING LLC by 71.55117
replacing SUMMIT PETROLEUM LIMITED LIABILITY CORP by 118.1616
replacing THOMPSON J CLEO by 60.824
replacing TRILOGY OPERATING INCORPORATED by 46.928
=> County has 4 categories
replacing GLASSCOCK by NaN
replacing MIDLAND by 50.02476
replacing REAGAN by NaN
replacing UPTON by NaN
=> WB.Spacing.Proxy has 5 categories
replacing 160 by 49.97355
replacing 20 by 49.03793
replacing 40 by 50.91337
replacing 80 by 49.64819
replacing Over 160 by 43.2672
=> SPBY.Spacing.Proxy has 6 categories
replacing 160 by 55.00619
replacing 20 by 60.72802
replacing 40 by 44.90127
replacing 80 by 48.69567
replacing Over 160 by 55.82325
replacing Sub 20 by 55.49043
=> Type has 5 categories
replacing ACID by 47.44178
replacing FLSH by 55.21525
replacing FRAC by 50.14349
replacing REFRAC by 39.612
replacing TRET by 23.084
=> Fluid.Type has 11 categories
replacing A by 48.49441
replacing F by 52.728
replacing FLUD by 57.25868
replacing FRAC by NaN
replacing G by NaN
replacing GEL by 49.26958
replacing O by 23.084
replacing SLKW by 36.408
replacing W by 48.19746
replacing WTR by 48.43083
replacing X-LINKGEL by 48.07237
=> Propping.Agent.Type has 6 categories
replacing CER by 30.4359
replacing RCSD by 1.372
replacing SAND by 50.60615
replacing SANDCER by 4.528
replacing SANDRCSD by 34.559
replacing undefined by 49.228
=> Additive has 20 categories
replacing ACET by 1.072
replacing ACIN by NaN
replacing BIOC by 48.1
replacing BRKR by 19.435
replacing CACL by NaN
replacing CRIN by 73.664
replacing FECL by 87.72365
replacing FRDC by 49.85081
replacing GELA by 55.02611
replacing GLST by NaN
replacing HCL by 49.71425
replacing KCL by NaN
replacing NECL by NaN
replacing NEFE by NaN
replacing PFCL by 23.084
replacing SCIN by 45.40733
replacing SFAC by 45.59753
replacing WGEL by 65.30319
replacing WPLY by NaN
replacing XLNK by 48.96165
=> Mesh.Size has 7 categories
replacing 16/30 by 79.7086
replacing 18/40 by NaN
replacing 20/40 by 39.77099
replacing 30/50 by 81.67271
replacing 30/70 by 77.77492
replacing 40/70 by 25.432
replacing MIXED by 59.14113

Nonparametric imputation of Missing Values using Random Forest
  missForest iteration 1 in progress...done!
  missForest iteration 2 in progress...done!
  missForest iteration 3 in progress...done!
  missForest iteration 4 in progress...done!
  missForest iteration 5 in progress...done!


# of wells on which to train =  618
# of wells on which to predict =  432

Keep aside  20 % unseen wells from the training model =  122  wells 


Check for near zero variance columns:
Removing near zero variant columns - County Other..Gals. Type Propping.Agent.Type

Check for pair-wise collinear columns:
 Completion.Date and Completion.Year are collinear having 0.9957082 ==> dropping Completion.Year
 Between_Zone and Geology.Score are collinear having 0.9596962 ==> dropping Geology.Score
 Frac.Stages and Treatment.Records are collinear having 0.9221283 ==> dropping Treatment.Records
 Deepest_Zone and Between_Zone are collinear having 0.9448853 ==> dropping Between_Zone
 Number and Frac.Stages are collinear having 0.9182163 ==> dropping Frac.Stages

Check and remove for multicollinear columns:
 Gel.x.link..Gals.  are multicollinear!

The ranked order of importance of features:
Operator
Fluid...Total..lbs.
Completion.Date
Mesh.Size
Proppant...Total..lbs.
Fluid.Amount
Propping.Agent.Amount
Depth.Base
Total.Height
Deepest_Zone
Depth.Total.Driller..ft.
Surface.Latitude

Do random 80%-20% splits, build model on training set and predict on test set 100 times
* * 27.2009 * 0.6323349 * 0.7067953 * 1
* * 21.92425 * 0.5839612 * 0.4966492 * 2
* * 24.50849 * 0.397012 * 0.5688088 * 3
* * 33.94535 * 0.5957694 * 0.4468042 * 4
* * 26.66116 * 0.5289581 * 0.4413025 * 5
* * 25.27656 * 0.5821623 * 0.5732903 * 6
* * 20.3786 * 0.6263453 * 0.6531447 * 7
* * 22.85608 * 0.5985018 * 0.5589497 * 8
* * 20.61944 * 0.5380433 * 0.5979803 * 9
* * 25.35646 * 0.5343645 * 0.4485154 * 10
* * 24.75203 * 0.5721894 * 0.5878855 * 11
* * 24.81665 * 0.6136578 * 0.6087922 * 12
* * 26.94897 * NaN * 0.5441513 * 13
* * 28.6079 * 0.4439239 * 0.5779196 * 14
* * 29.79392 * 0.4827151 * 0.6088043 * 15
* * 26.25475 * 0.4376207 * 0.6763483 * 16
* * 28.78442 * 0.5601537 * 0.5939031 * 17
* * 28.6458 * 0.7246775 * 0.5512929 * 18
* * 27.93612 * 0.742113 * 0.5823466 * 19
* * 26.64561 * 0.4449988 * 0.5234237 * 20
* * 18.99871 * 0.5313157 * 0.6363887 * 21
* * 22.42292 * 0.6289213 * 0.4850833 * 22
* * 20.28841 * 0.675604 * 0.5563111 * 23
* * 19.64834 * 0.5364237 * 0.6804368 * 24
* * 23.80551 * 0.6176647 * 0.5386057 * 25
* * 19.35903 * 0.5093781 * 0.6483092 * 26
* * 18.93817 * 0.5164475 * 0.5291812 * 27
* * 17.98032 * 0.4508305 * 0.5619192 * 28
* * 21.16482 * 0.5123136 * 0.6194564 * 29
* * 21.95387 * 0.5690562 * 0.6766711 * 30
* * 28.05488 * 0.5687065 * 0.6368871 * 31
* * 29.629 * 0.595934 * 0.5467782 * 32
* * 19.92536 * 0.6014725 * 0.674048 * 33
* * 23.9967 * 0.6250478 * 0.5773312 * 34
* * 29.8747 * 0.44677 * 0.5786495 * 35
* * 19.61288 * NaN * 0.5371966 * 36
* * 23.97619 * 0.4892706 * 0.543995 * 37
* * 22.50494 * 0.5366777 * 0.5516412 * 38
* * 21.92952 * 0.5776125 * 0.7316677 * 39
* * 19.59301 * 0.5192627 * 0.6372666 * 40
* * 22.79336 * 0.4807867 * 0.4663473 * 41
* * 32.31119 * 0.5981833 * 0.6174508 * 42
* * 18.93777 * 0.5308102 * 0.7348853 * 43
* * 20.62025 * 0.5296445 * 0.6044918 * 44
* * 23.92105 * 0.6321568 * 0.5856957 * 45
* * 24.07363 * 0.5967078 * 0.6721212 * 46
* * 23.48725 * 0.4992827 * 0.6174443 * 47
* * 23.80743 * 0.4733948 * 0.6408545 * 48
* * 34.12514 * 0.4935582 * 0.6748137 * 49
* * 32.70654 * 0.6080244 * 0.6295312 * 50
* * 26.03146 * 0.523323 * 0.6089194 * 51
* * 25.22236 * 0.5538141 * 0.5962131 * 52
* * 23.73716 * 0.4736957 * 0.485983 * 53
* * 31.60281 * 0.5024211 * 0.5947834 * 54
* * 20.07703 * 0.4402395 * 0.6635483 * 55
* * 28.50284 * 0.6056471 * 0.5023285 * 56
* * 21.79801 * 0.5023686 * 0.6453324 * 57
* * 23.98294 * 0.5356339 * 0.5122504 * 58
* * 28.55911 * 0.6272276 * 0.660355 * 59
* * 19.83058 * 0.4745305 * 0.5279016 * 60
* * 29.53047 * 0.5846868 * 0.5999343 * 61
* * 26.32191 * 0.6532668 * 0.6259526 * 62
* * 29.38295 * 0.5119632 * 0.6325416 * 63
* * 34.28274 * 0.544284 * 0.6349532 * 64
* * 22.2592 * 0.5581875 * 0.6753518 * 65
* * 23.36437 * 0.467463 * 0.5890743 * 66
* * 30.22706 * 0.629645 * 0.6262544 * 67
* * 20.88317 * 0.522805 * 0.3795733 * 68
* * 33.28691 * 0.6695237 * 0.653956 * 69
* * 24.83788 * 0.6372705 * 0.6091394 * 70
* * 29.35398 * 0.5224874 * 0.499205 * 71
* * 20.83525 * 0.5056835 * 0.6037726 * 72
* * 25.70555 * 0.4711091 * 0.6074104 * 73
* * 25.74354 * 0.5814255 * 0.6607936 * 74
* * 30.96745 * 0.4433611 * 0.5974642 * 75
* * 23.14744 * 0.5436774 * 0.6659963 * 76
* * 20.76735 * 0.4618253 * 0.5556633 * 77
* * 22.72742 * 0.504646 * 0.6644963 * 78
* * 27.27257 * NaN * 0.5394998 * 79
* * 24.38804 * 0.6002804 * 0.6285746 * 80
* * 23.13805 * 0.6531319 * 0.489926 * 81
* * 26.60533 * 0.6565867 * 0.5098333 * 82
* * 33.07581 * 0.5596601 * 0.582329 * 83
* * 23.04411 * 0.4745252 * 0.5819339 * 84
* * 23.50253 * 0.5155035 * 0.5422138 * 85
* * 21.66155 * 0.6176094 * 0.682518 * 86
* * 18.35735 * 0.5698407 * 0.6826051 * 87
* * 27.43084 * 0.5902448 * 0.4907989 * 88
* * 22.41399 * 0.6878163 * 0.6132475 * 89
* * 20.27575 * 0.6453561 * 0.5313599 * 90
* * 21.99563 * 0.4210903 * 0.6201068 * 91
* * 22.19817 * 0.4837532 * 0.5135479 * 92
* * 31.05443 * 0.6310036 * 0.6811915 * 93
* * 24.98708 * 0.476464 * 0.5778164 * 94
* * 23.20379 * 0.4947504 * 0.560297 * 95
* * 27.64917 * 0.5754052 * 0.6306598 * 96
* * 29.59164 * 0.4783828 * 0.6643951 * 97
* * 24.47107 * 0.5231382 * 0.5805876 * 98
* * 20.71249 * 0.532188 * 0.4321529 * 99
* * 32.77471 * 0.6643344 * 0.5290902 * 100

Min rmse | 17.98032 | Avg rmse | 24.95127 | Max rmse | 34.28274
Min rmsle | 0.397012 | Avg rmsle | 0.5514849 | Max rmsle | 0.742113
Min cor | 0.3795733 | Avg cor | 0.588824 | Max cor | 0.7348853
RMSE | 23.80667 | RMSLE | 0.4218784 | COR | 0.6289381